{"/Users/samyounger/development/wdi-project-2/index.js":{"path":"/Users/samyounger/development/wdi-project-2/index.js","s":{"1":1,"2":1,"3":1,"4":1,"5":1,"6":1,"7":1,"8":1,"9":1,"10":1,"11":1,"12":1,"13":1,"14":1,"15":1,"16":1,"17":1,"18":1,"19":1,"20":1,"21":0,"22":0,"23":0,"24":1,"25":1,"26":1,"27":1,"28":1},"b":{"1":[0,0]},"f":{"1":0},"fnMap":{"1":{"name":"jwtErrorHandler","line":32,"loc":{"start":{"line":32,"column":0},"end":{"line":32,"column":46}}}},"statementMap":{"1":{"start":{"line":1,"column":0},"end":{"line":1,"column":39}},"2":{"start":{"line":2,"column":0},"end":{"line":2,"column":38}},"3":{"start":{"line":3,"column":0},"end":{"line":3,"column":43}},"4":{"start":{"line":4,"column":0},"end":{"line":4,"column":40}},"5":{"start":{"line":5,"column":0},"end":{"line":5,"column":36}},"6":{"start":{"line":6,"column":0},"end":{"line":6,"column":43}},"7":{"start":{"line":8,"column":0},"end":{"line":8,"column":28}},"8":{"start":{"line":9,"column":0},"end":{"line":9,"column":35}},"9":{"start":{"line":10,"column":0},"end":{"line":10,"column":45}},"10":{"start":{"line":11,"column":0},"end":{"line":11,"column":48}},"11":{"start":{"line":12,"column":0},"end":{"line":12,"column":48}},"12":{"start":{"line":14,"column":0},"end":{"line":14,"column":41}},"13":{"start":{"line":16,"column":0},"end":{"line":16,"column":23}},"14":{"start":{"line":17,"column":0},"end":{"line":17,"column":27}},"15":{"start":{"line":18,"column":0},"end":{"line":18,"column":51}},"16":{"start":{"line":19,"column":0},"end":{"line":19,"column":47}},"17":{"start":{"line":20,"column":0},"end":{"line":20,"column":16}},"18":{"start":{"line":22,"column":0},"end":{"line":28,"column":6}},"19":{"start":{"line":30,"column":0},"end":{"line":30,"column":25}},"20":{"start":{"line":32,"column":0},"end":{"line":35,"column":1}},"21":{"start":{"line":33,"column":2},"end":{"line":33,"column":53}},"22":{"start":{"line":33,"column":39},"end":{"line":33,"column":53}},"23":{"start":{"line":34,"column":2},"end":{"line":34,"column":66}},"24":{"start":{"line":37,"column":0},"end":{"line":37,"column":24}},"25":{"start":{"line":38,"column":0},"end":{"line":38,"column":27}},"26":{"start":{"line":40,"column":0},"end":{"line":40,"column":83}},"27":{"start":{"line":40,"column":30},"end":{"line":40,"column":81}},"28":{"start":{"line":42,"column":0},"end":{"line":42,"column":21}}},"branchMap":{"1":{"line":33,"type":"if","locations":[{"start":{"line":33,"column":2},"end":{"line":33,"column":2}},{"start":{"line":33,"column":2},"end":{"line":33,"column":2}}]}}},"/Users/samyounger/development/wdi-project-2/config/config.js":{"path":"/Users/samyounger/development/wdi-project-2/config/config.js","s":{"1":1},"b":{"1":[1,1],"2":[1,1],"3":[1,1]},"f":{},"fnMap":{},"statementMap":{"1":{"start":{"line":1,"column":0},"end":{"line":9,"column":2}}},"branchMap":{"1":{"line":2,"type":"binary-expr","locations":[{"start":{"line":2,"column":8},"end":{"line":2,"column":24}},{"start":{"line":2,"column":28},"end":{"line":2,"column":32}}]},"2":{"line":6,"type":"binary-expr","locations":[{"start":{"line":6,"column":16},"end":{"line":6,"column":39}},{"start":{"line":6,"column":43},"end":{"line":6,"column":89}}]},"3":{"line":8,"type":"binary-expr","locations":[{"start":{"line":8,"column":10},"end":{"line":8,"column":28}},{"start":{"line":8,"column":32},"end":{"line":8,"column":55}}]}}},"/Users/samyounger/development/wdi-project-2/config/apiRoutes.js":{"path":"/Users/samyounger/development/wdi-project-2/config/apiRoutes.js","s":{"1":1,"2":1,"3":1,"4":1,"5":1,"6":1,"7":1,"8":1,"9":1,"10":1,"11":1,"12":1},"b":{},"f":{},"fnMap":{},"statementMap":{"1":{"start":{"line":1,"column":0},"end":{"line":1,"column":35}},"2":{"start":{"line":2,"column":0},"end":{"line":2,"column":33}},"3":{"start":{"line":4,"column":0},"end":{"line":4,"column":66}},"4":{"start":{"line":5,"column":0},"end":{"line":5,"column":55}},"5":{"start":{"line":6,"column":0},"end":{"line":6,"column":56}},"6":{"start":{"line":9,"column":0},"end":{"line":10,"column":34}},"7":{"start":{"line":11,"column":0},"end":{"line":12,"column":31}},"8":{"start":{"line":17,"column":0},"end":{"line":20,"column":24}},"9":{"start":{"line":21,"column":0},"end":{"line":22,"column":21}},"10":{"start":{"line":26,"column":0},"end":{"line":27,"column":19}},"11":{"start":{"line":28,"column":0},"end":{"line":29,"column":18}},"12":{"start":{"line":31,"column":0},"end":{"line":31,"column":24}}},"branchMap":{}},"/Users/samyounger/development/wdi-project-2/controllers/authentications.js":{"path":"/Users/samyounger/development/wdi-project-2/controllers/authentications.js","s":{"1":1,"2":1,"3":1,"4":1,"5":1,"6":0,"7":0,"8":0,"9":0,"10":0,"11":1,"12":2,"13":2,"14":0,"15":2,"16":0,"17":0,"18":2,"19":2},"b":{"1":[0,0],"2":[0,2],"3":[0,2],"4":[2,2]},"f":{"1":0,"2":2},"fnMap":{"1":{"name":"authenticationsRegister","line":10,"loc":{"start":{"line":10,"column":0},"end":{"line":10,"column":43}}},"2":{"name":"authenticationsLogin","line":24,"loc":{"start":{"line":24,"column":0},"end":{"line":24,"column":40}}}},"statementMap":{"1":{"start":{"line":1,"column":0},"end":{"line":4,"column":2}},"2":{"start":{"line":6,"column":0},"end":{"line":6,"column":42}},"3":{"start":{"line":7,"column":0},"end":{"line":7,"column":40}},"4":{"start":{"line":8,"column":0},"end":{"line":8,"column":44}},"5":{"start":{"line":10,"column":0},"end":{"line":22,"column":1}},"6":{"start":{"line":11,"column":2},"end":{"line":21,"column":5}},"7":{"start":{"line":12,"column":4},"end":{"line":12,"column":77}},"8":{"start":{"line":12,"column":12},"end":{"line":12,"column":77}},"9":{"start":{"line":14,"column":4},"end":{"line":14,"column":75}},"10":{"start":{"line":16,"column":4},"end":{"line":20,"column":7}},"11":{"start":{"line":24,"column":0},"end":{"line":41,"column":1}},"12":{"start":{"line":25,"column":2},"end":{"line":40,"column":5}},"13":{"start":{"line":26,"column":4},"end":{"line":26,"column":77}},"14":{"start":{"line":26,"column":12},"end":{"line":26,"column":77}},"15":{"start":{"line":28,"column":4},"end":{"line":31,"column":5}},"16":{"start":{"line":29,"column":6},"end":{"line":29,"column":23}},"17":{"start":{"line":30,"column":6},"end":{"line":30,"column":63}},"18":{"start":{"line":33,"column":4},"end":{"line":33,"column":75}},"19":{"start":{"line":35,"column":4},"end":{"line":39,"column":7}}},"branchMap":{"1":{"line":12,"type":"if","locations":[{"start":{"line":12,"column":4},"end":{"line":12,"column":4}},{"start":{"line":12,"column":4},"end":{"line":12,"column":4}}]},"2":{"line":26,"type":"if","locations":[{"start":{"line":26,"column":4},"end":{"line":26,"column":4}},{"start":{"line":26,"column":4},"end":{"line":26,"column":4}}]},"3":{"line":28,"type":"if","locations":[{"start":{"line":28,"column":4},"end":{"line":28,"column":4}},{"start":{"line":28,"column":4},"end":{"line":28,"column":4}}]},"4":{"line":28,"type":"binary-expr","locations":[{"start":{"line":28,"column":7},"end":{"line":28,"column":12}},{"start":{"line":28,"column":16},"end":{"line":28,"column":57}}]}}},"/Users/samyounger/development/wdi-project-2/models/user.js":{"path":"/Users/samyounger/development/wdi-project-2/models/user.js","s":{"1":1,"2":1,"3":1,"4":1,"5":1,"6":1,"7":1,"8":1,"9":1,"10":1,"11":2,"12":2,"13":2,"14":1,"15":1,"16":2,"17":2,"18":1,"19":2,"20":1,"21":2,"22":2,"23":0,"24":2,"25":0,"26":2,"27":0,"28":1,"29":2,"30":0,"31":1,"32":2},"b":{"1":[2,0],"2":[0,2],"3":[0,2],"4":[0,2],"5":[0,2]},"f":{"1":2,"2":2,"3":2,"4":2,"5":2,"6":2},"fnMap":{"1":{"name":"(anonymous_1)","line":35,"loc":{"start":{"line":35,"column":13},"end":{"line":35,"column":32}}},"2":{"name":"setPassword","line":45,"loc":{"start":{"line":45,"column":0},"end":{"line":45,"column":28}}},"3":{"name":"setPasswordConfirmation","line":50,"loc":{"start":{"line":50,"column":0},"end":{"line":50,"column":55}}},"4":{"name":"validatePasswordHash","line":54,"loc":{"start":{"line":54,"column":0},"end":{"line":54,"column":32}}},"5":{"name":"validateEmail","line":68,"loc":{"start":{"line":68,"column":0},"end":{"line":68,"column":30}}},"6":{"name":"validatePassword","line":74,"loc":{"start":{"line":74,"column":0},"end":{"line":74,"column":36}}}},"statementMap":{"1":{"start":{"line":1,"column":0},"end":{"line":1,"column":38}},"2":{"start":{"line":2,"column":0},"end":{"line":2,"column":36}},"3":{"start":{"line":3,"column":0},"end":{"line":3,"column":39}},"4":{"start":{"line":7,"column":0},"end":{"line":14,"column":3}},"5":{"start":{"line":16,"column":0},"end":{"line":18,"column":20}},"6":{"start":{"line":20,"column":0},"end":{"line":22,"column":32}},"7":{"start":{"line":24,"column":0},"end":{"line":26,"column":34}},"8":{"start":{"line":28,"column":0},"end":{"line":30,"column":27}},"9":{"start":{"line":32,"column":0},"end":{"line":32,"column":55}},"10":{"start":{"line":34,"column":0},"end":{"line":41,"column":3}},"11":{"start":{"line":36,"column":4},"end":{"line":36,"column":28}},"12":{"start":{"line":38,"column":4},"end":{"line":38,"column":19}},"13":{"start":{"line":39,"column":4},"end":{"line":39,"column":15}},"14":{"start":{"line":43,"column":0},"end":{"line":43,"column":52}},"15":{"start":{"line":45,"column":0},"end":{"line":48,"column":1}},"16":{"start":{"line":46,"column":2},"end":{"line":46,"column":25}},"17":{"start":{"line":47,"column":2},"end":{"line":47,"column":68}},"18":{"start":{"line":50,"column":0},"end":{"line":52,"column":1}},"19":{"start":{"line":51,"column":2},"end":{"line":51,"column":52}},"20":{"start":{"line":54,"column":0},"end":{"line":66,"column":1}},"21":{"start":{"line":55,"column":2},"end":{"line":65,"column":3}},"22":{"start":{"line":56,"column":4},"end":{"line":58,"column":5}},"23":{"start":{"line":57,"column":6},"end":{"line":57,"column":67}},"24":{"start":{"line":59,"column":4},"end":{"line":61,"column":5}},"25":{"start":{"line":60,"column":6},"end":{"line":60,"column":68}},"26":{"start":{"line":62,"column":4},"end":{"line":64,"column":5}},"27":{"start":{"line":63,"column":6},"end":{"line":63,"column":79}},"28":{"start":{"line":68,"column":0},"end":{"line":72,"column":1}},"29":{"start":{"line":69,"column":2},"end":{"line":71,"column":3}},"30":{"start":{"line":70,"column":4},"end":{"line":70,"column":61}},"31":{"start":{"line":74,"column":0},"end":{"line":76,"column":1}},"32":{"start":{"line":75,"column":2},"end":{"line":75,"column":57}}},"branchMap":{"1":{"line":55,"type":"if","locations":[{"start":{"line":55,"column":2},"end":{"line":55,"column":2}},{"start":{"line":55,"column":2},"end":{"line":55,"column":2}}]},"2":{"line":56,"type":"if","locations":[{"start":{"line":56,"column":4},"end":{"line":56,"column":4}},{"start":{"line":56,"column":4},"end":{"line":56,"column":4}}]},"3":{"line":59,"type":"if","locations":[{"start":{"line":59,"column":4},"end":{"line":59,"column":4}},{"start":{"line":59,"column":4},"end":{"line":59,"column":4}}]},"4":{"line":62,"type":"if","locations":[{"start":{"line":62,"column":4},"end":{"line":62,"column":4}},{"start":{"line":62,"column":4},"end":{"line":62,"column":4}}]},"5":{"line":69,"type":"if","locations":[{"start":{"line":69,"column":2},"end":{"line":69,"column":2}},{"start":{"line":69,"column":2},"end":{"line":69,"column":2}}]}}},"/Users/samyounger/development/wdi-project-2/controllers/bars.js":{"path":"/Users/samyounger/development/wdi-project-2/controllers/bars.js","s":{"1":1,"2":1,"3":1,"4":1,"5":1,"6":1,"7":1,"8":0,"9":1,"10":1,"11":1,"12":1,"13":1,"14":1,"15":0,"16":0,"17":0,"18":0,"19":1,"20":0,"21":0,"22":0,"23":0,"24":0,"25":0,"26":0,"27":0,"28":0,"29":0,"30":0,"31":0,"32":0,"33":0,"34":0,"35":0},"b":{"1":[0,1],"2":[0,0],"3":[0,0],"4":[0,0],"5":[0,0],"6":[0,0]},"f":{"1":1,"2":1,"3":0},"fnMap":{"1":{"name":"barsIndex","line":11,"loc":{"start":{"line":11,"column":0},"end":{"line":11,"column":29}}},"2":{"name":"barsData","line":18,"loc":{"start":{"line":18,"column":0},"end":{"line":18,"column":28}}},"3":{"name":"barsCreate","line":30,"loc":{"start":{"line":30,"column":0},"end":{"line":30,"column":30}}}},"statementMap":{"1":{"start":{"line":1,"column":0},"end":{"line":5,"column":2}},"2":{"start":{"line":7,"column":0},"end":{"line":7,"column":40}},"3":{"start":{"line":8,"column":0},"end":{"line":8,"column":42}},"4":{"start":{"line":9,"column":0},"end":{"line":9,"column":43}},"5":{"start":{"line":11,"column":0},"end":{"line":16,"column":1}},"6":{"start":{"line":12,"column":2},"end":{"line":15,"column":5}},"7":{"start":{"line":13,"column":4},"end":{"line":13,"column":77}},"8":{"start":{"line":13,"column":12},"end":{"line":13,"column":77}},"9":{"start":{"line":14,"column":4},"end":{"line":14,"column":42}},"10":{"start":{"line":18,"column":0},"end":{"line":28,"column":1}},"11":{"start":{"line":19,"column":2},"end":{"line":19,"column":25}},"12":{"start":{"line":20,"column":2},"end":{"line":20,"column":54}},"13":{"start":{"line":21,"column":2},"end":{"line":21,"column":95}},"14":{"start":{"line":23,"column":2},"end":{"line":27,"column":5}},"15":{"start":{"line":24,"column":4},"end":{"line":24,"column":32}},"16":{"start":{"line":25,"column":4},"end":{"line":25,"column":76}},"17":{"start":{"line":25,"column":15},"end":{"line":25,"column":76}},"18":{"start":{"line":26,"column":4},"end":{"line":26,"column":42}},"19":{"start":{"line":30,"column":0},"end":{"line":62,"column":1}},"20":{"start":{"line":31,"column":2},"end":{"line":60,"column":5}},"21":{"start":{"line":32,"column":4},"end":{"line":32,"column":72}},"22":{"start":{"line":32,"column":13},"end":{"line":32,"column":72}},"23":{"start":{"line":34,"column":4},"end":{"line":59,"column":7}},"24":{"start":{"line":35,"column":6},"end":{"line":35,"column":80}},"25":{"start":{"line":35,"column":15},"end":{"line":35,"column":80}},"26":{"start":{"line":37,"column":6},"end":{"line":58,"column":7}},"27":{"start":{"line":38,"column":8},"end":{"line":48,"column":11}},"28":{"start":{"line":39,"column":10},"end":{"line":39,"column":84}},"29":{"start":{"line":39,"column":19},"end":{"line":39,"column":84}},"30":{"start":{"line":40,"column":10},"end":{"line":40,"column":38}},"31":{"start":{"line":42,"column":10},"end":{"line":47,"column":13}},"32":{"start":{"line":43,"column":12},"end":{"line":46,"column":15}},"33":{"start":{"line":50,"column":8},"end":{"line":50,"column":36}},"34":{"start":{"line":52,"column":8},"end":{"line":57,"column":11}},"35":{"start":{"line":53,"column":10},"end":{"line":56,"column":13}}},"branchMap":{"1":{"line":13,"type":"if","locations":[{"start":{"line":13,"column":4},"end":{"line":13,"column":4}},{"start":{"line":13,"column":4},"end":{"line":13,"column":4}}]},"2":{"line":25,"type":"if","locations":[{"start":{"line":25,"column":4},"end":{"line":25,"column":4}},{"start":{"line":25,"column":4},"end":{"line":25,"column":4}}]},"3":{"line":32,"type":"if","locations":[{"start":{"line":32,"column":4},"end":{"line":32,"column":4}},{"start":{"line":32,"column":4},"end":{"line":32,"column":4}}]},"4":{"line":35,"type":"if","locations":[{"start":{"line":35,"column":6},"end":{"line":35,"column":6}},{"start":{"line":35,"column":6},"end":{"line":35,"column":6}}]},"5":{"line":37,"type":"if","locations":[{"start":{"line":37,"column":6},"end":{"line":37,"column":6}},{"start":{"line":37,"column":6},"end":{"line":37,"column":6}}]},"6":{"line":39,"type":"if","locations":[{"start":{"line":39,"column":10},"end":{"line":39,"column":10}},{"start":{"line":39,"column":10},"end":{"line":39,"column":10}}]}}},"/Users/samyounger/development/wdi-project-2/models/bar.js":{"path":"/Users/samyounger/development/wdi-project-2/models/bar.js","s":{"1":1,"2":1,"3":1},"b":{},"f":{},"fnMap":{},"statementMap":{"1":{"start":{"line":1,"column":0},"end":{"line":1,"column":37}},"2":{"start":{"line":3,"column":0},"end":{"line":11,"column":3}},"3":{"start":{"line":13,"column":0},"end":{"line":13,"column":50}}},"branchMap":{}},"/Users/samyounger/development/wdi-project-2/controllers/users.js":{"path":"/Users/samyounger/development/wdi-project-2/controllers/users.js","s":{"1":1,"2":1,"3":1,"4":0,"5":0,"6":0,"7":0,"8":0,"9":0,"10":1,"11":0,"12":0,"13":0,"14":0,"15":0,"16":0,"17":1,"18":0,"19":0,"20":0,"21":0,"22":0,"23":0},"b":{"1":[0,0],"2":[0,0],"3":[0,0],"4":[0,0],"5":[0,0],"6":[0,0]},"f":{"1":0,"2":0,"3":0},"fnMap":{"1":{"name":"usersShow","line":10,"loc":{"start":{"line":10,"column":0},"end":{"line":10,"column":29}}},"2":{"name":"usersUpdate","line":21,"loc":{"start":{"line":21,"column":0},"end":{"line":21,"column":31}}},"3":{"name":"usersDelete","line":29,"loc":{"start":{"line":29,"column":0},"end":{"line":29,"column":31}}}},"statementMap":{"1":{"start":{"line":1,"column":0},"end":{"line":6,"column":2}},"2":{"start":{"line":8,"column":0},"end":{"line":8,"column":39}},"3":{"start":{"line":10,"column":0},"end":{"line":19,"column":1}},"4":{"start":{"line":11,"column":2},"end":{"line":18,"column":7}},"5":{"start":{"line":15,"column":6},"end":{"line":15,"column":79}},"6":{"start":{"line":15,"column":14},"end":{"line":15,"column":79}},"7":{"start":{"line":16,"column":6},"end":{"line":16,"column":75}},"8":{"start":{"line":16,"column":16},"end":{"line":16,"column":75}},"9":{"start":{"line":17,"column":6},"end":{"line":17,"column":44}},"10":{"start":{"line":21,"column":0},"end":{"line":27,"column":1}},"11":{"start":{"line":22,"column":2},"end":{"line":26,"column":5}},"12":{"start":{"line":23,"column":4},"end":{"line":23,"column":77}},"13":{"start":{"line":23,"column":12},"end":{"line":23,"column":77}},"14":{"start":{"line":24,"column":4},"end":{"line":24,"column":73}},"15":{"start":{"line":24,"column":14},"end":{"line":24,"column":73}},"16":{"start":{"line":25,"column":4},"end":{"line":25,"column":42}},"17":{"start":{"line":29,"column":0},"end":{"line":35,"column":1}},"18":{"start":{"line":30,"column":2},"end":{"line":34,"column":5}},"19":{"start":{"line":31,"column":4},"end":{"line":31,"column":77}},"20":{"start":{"line":31,"column":12},"end":{"line":31,"column":77}},"21":{"start":{"line":32,"column":4},"end":{"line":32,"column":73}},"22":{"start":{"line":32,"column":14},"end":{"line":32,"column":73}},"23":{"start":{"line":33,"column":4},"end":{"line":33,"column":34}}},"branchMap":{"1":{"line":15,"type":"if","locations":[{"start":{"line":15,"column":6},"end":{"line":15,"column":6}},{"start":{"line":15,"column":6},"end":{"line":15,"column":6}}]},"2":{"line":16,"type":"if","locations":[{"start":{"line":16,"column":6},"end":{"line":16,"column":6}},{"start":{"line":16,"column":6},"end":{"line":16,"column":6}}]},"3":{"line":23,"type":"if","locations":[{"start":{"line":23,"column":4},"end":{"line":23,"column":4}},{"start":{"line":23,"column":4},"end":{"line":23,"column":4}}]},"4":{"line":24,"type":"if","locations":[{"start":{"line":24,"column":4},"end":{"line":24,"column":4}},{"start":{"line":24,"column":4},"end":{"line":24,"column":4}}]},"5":{"line":31,"type":"if","locations":[{"start":{"line":31,"column":4},"end":{"line":31,"column":4}},{"start":{"line":31,"column":4},"end":{"line":31,"column":4}}]},"6":{"line":32,"type":"if","locations":[{"start":{"line":32,"column":4},"end":{"line":32,"column":4}},{"start":{"line":32,"column":4},"end":{"line":32,"column":4}}]}}},"/Users/samyounger/development/wdi-project-2/config/webRoutes.js":{"path":"/Users/samyounger/development/wdi-project-2/config/webRoutes.js","s":{"1":1,"2":1,"3":1,"4":1,"5":1},"b":{},"f":{},"fnMap":{},"statementMap":{"1":{"start":{"line":1,"column":0},"end":{"line":1,"column":35}},"2":{"start":{"line":2,"column":0},"end":{"line":2,"column":32}},"3":{"start":{"line":4,"column":0},"end":{"line":4,"column":50}},"4":{"start":{"line":7,"column":0},"end":{"line":8,"column":21}},"5":{"start":{"line":10,"column":0},"end":{"line":10,"column":24}}},"branchMap":{}},"/Users/samyounger/development/wdi-project-2/controllers/statics.js":{"path":"/Users/samyounger/development/wdi-project-2/controllers/statics.js","s":{"1":1,"2":1,"3":1,"4":0},"b":{},"f":{"1":0},"fnMap":{"1":{"name":"staticsHome","line":7,"loc":{"start":{"line":7,"column":0},"end":{"line":7,"column":31}}}},"statementMap":{"1":{"start":{"line":1,"column":0},"end":{"line":3,"column":2}},"2":{"start":{"line":5,"column":0},"end":{"line":5,"column":29}},"3":{"start":{"line":7,"column":0},"end":{"line":9,"column":1}},"4":{"start":{"line":8,"column":2},"end":{"line":8,"column":61}}},"branchMap":{}}}