TN:
SF:/Users/samyounger/development/wdi-project-2/index.js
FN:32,jwtErrorHandler
FNF:1
FNH:0
FNDA:0,jwtErrorHandler
DA:1,1
DA:2,1
DA:3,1
DA:4,1
DA:5,1
DA:6,1
DA:8,1
DA:9,1
DA:10,1
DA:11,1
DA:12,1
DA:14,1
DA:16,1
DA:17,1
DA:18,1
DA:19,1
DA:20,1
DA:22,1
DA:30,1
DA:32,1
DA:33,0
DA:34,0
DA:37,1
DA:38,1
DA:40,1
DA:42,1
LF:26
LH:24
BRDA:33,1,0,0
BRDA:33,1,1,0
BRF:2
BRH:0
end_of_record
TN:
SF:/Users/samyounger/development/wdi-project-2/config/config.js
FNF:0
FNH:0
DA:1,1
LF:1
LH:1
BRDA:2,1,0,1
BRDA:2,1,1,1
BRDA:6,2,0,1
BRDA:6,2,1,1
BRDA:8,3,0,1
BRDA:8,3,1,1
BRF:6
BRH:6
end_of_record
TN:
SF:/Users/samyounger/development/wdi-project-2/config/apiRoutes.js
FNF:0
FNH:0
DA:1,1
DA:2,1
DA:4,1
DA:5,1
DA:6,1
DA:9,1
DA:11,1
DA:17,1
DA:21,1
DA:26,1
DA:28,1
DA:31,1
LF:12
LH:12
BRF:0
BRH:0
end_of_record
TN:
SF:/Users/samyounger/development/wdi-project-2/controllers/authentications.js
FN:10,authenticationsRegister
FN:24,authenticationsLogin
FNF:2
FNH:1
FNDA:0,authenticationsRegister
FNDA:2,authenticationsLogin
DA:1,1
DA:6,1
DA:7,1
DA:8,1
DA:10,1
DA:11,0
DA:12,0
DA:14,0
DA:16,0
DA:24,1
DA:25,2
DA:26,2
DA:28,2
DA:29,0
DA:30,0
DA:33,2
DA:35,2
LF:17
LH:11
BRDA:12,1,0,0
BRDA:12,1,1,0
BRDA:26,2,0,0
BRDA:26,2,1,2
BRDA:28,3,0,0
BRDA:28,3,1,2
BRDA:28,4,0,2
BRDA:28,4,1,2
BRF:8
BRH:4
end_of_record
TN:
SF:/Users/samyounger/development/wdi-project-2/models/user.js
FN:35,(anonymous_1)
FN:45,setPassword
FN:50,setPasswordConfirmation
FN:54,validatePasswordHash
FN:68,validateEmail
FN:74,validatePassword
FNF:6
FNH:6
FNDA:2,(anonymous_1)
FNDA:2,setPassword
FNDA:2,setPasswordConfirmation
FNDA:2,validatePasswordHash
FNDA:2,validateEmail
FNDA:2,validatePassword
DA:1,1
DA:2,1
DA:3,1
DA:7,1
DA:16,1
DA:20,1
DA:24,1
DA:28,1
DA:32,1
DA:34,1
DA:36,2
DA:38,2
DA:39,2
DA:43,1
DA:45,1
DA:46,2
DA:47,2
DA:50,1
DA:51,2
DA:54,1
DA:55,2
DA:56,2
DA:57,0
DA:59,2
DA:60,0
DA:62,2
DA:63,0
DA:68,1
DA:69,2
DA:70,0
DA:74,1
DA:75,2
LF:32
LH:28
BRDA:55,1,0,2
BRDA:55,1,1,0
BRDA:56,2,0,0
BRDA:56,2,1,2
BRDA:59,3,0,0
BRDA:59,3,1,2
BRDA:62,4,0,0
BRDA:62,4,1,2
BRDA:69,5,0,0
BRDA:69,5,1,2
BRF:10
BRH:5
end_of_record
TN:
SF:/Users/samyounger/development/wdi-project-2/controllers/bars.js
FN:11,barsIndex
FN:18,barsData
FN:30,barsCreate
FNF:3
FNH:2
FNDA:1,barsIndex
FNDA:1,barsData
FNDA:0,barsCreate
DA:1,1
DA:7,1
DA:8,1
DA:9,1
DA:11,1
DA:12,1
DA:13,1
DA:14,1
DA:18,1
DA:19,1
DA:20,1
DA:21,1
DA:23,1
DA:24,0
DA:25,0
DA:26,0
DA:30,1
DA:31,0
DA:32,0
DA:34,0
DA:35,0
DA:37,0
DA:38,0
DA:39,0
DA:40,0
DA:42,0
DA:43,0
DA:50,0
DA:52,0
DA:53,0
LF:30
LH:14
BRDA:13,1,0,0
BRDA:13,1,1,1
BRDA:25,2,0,0
BRDA:25,2,1,0
BRDA:32,3,0,0
BRDA:32,3,1,0
BRDA:35,4,0,0
BRDA:35,4,1,0
BRDA:37,5,0,0
BRDA:37,5,1,0
BRDA:39,6,0,0
BRDA:39,6,1,0
BRF:12
BRH:1
end_of_record
TN:
SF:/Users/samyounger/development/wdi-project-2/models/bar.js
FNF:0
FNH:0
DA:1,1
DA:3,1
DA:13,1
LF:3
LH:3
BRF:0
BRH:0
end_of_record
TN:
SF:/Users/samyounger/development/wdi-project-2/controllers/users.js
FN:10,usersShow
FN:21,usersUpdate
FN:29,usersDelete
FNF:3
FNH:0
FNDA:0,usersShow
FNDA:0,usersUpdate
FNDA:0,usersDelete
DA:1,1
DA:8,1
DA:10,1
DA:11,0
DA:15,0
DA:16,0
DA:17,0
DA:21,1
DA:22,0
DA:23,0
DA:24,0
DA:25,0
DA:29,1
DA:30,0
DA:31,0
DA:32,0
DA:33,0
LF:17
LH:5
BRDA:15,1,0,0
BRDA:15,1,1,0
BRDA:16,2,0,0
BRDA:16,2,1,0
BRDA:23,3,0,0
BRDA:23,3,1,0
BRDA:24,4,0,0
BRDA:24,4,1,0
BRDA:31,5,0,0
BRDA:31,5,1,0
BRDA:32,6,0,0
BRDA:32,6,1,0
BRF:12
BRH:0
end_of_record
TN:
SF:/Users/samyounger/development/wdi-project-2/config/webRoutes.js
FNF:0
FNH:0
DA:1,1
DA:2,1
DA:4,1
DA:7,1
DA:10,1
LF:5
LH:5
BRF:0
BRH:0
end_of_record
TN:
SF:/Users/samyounger/development/wdi-project-2/controllers/statics.js
FN:7,staticsHome
FNF:1
FNH:0
FNDA:0,staticsHome
DA:1,1
DA:5,1
DA:7,1
DA:8,0
LF:4
LH:3
BRF:0
BRH:0
end_of_record
